Determining if the pthread_create exist failed with the following output:
Change Dir: /media/seoulrobotics/Data_Drive/nmd/SFND/SFND_Lidar_Obstacle_Detection/src/quiz/ransac/build/CMakeFiles/CMakeTmp

Run Build Command:"/usr/bin/make" "cmTC_7f090/fast"
/usr/bin/make -f CMakeFiles/cmTC_7f090.dir/build.make CMakeFiles/cmTC_7f090.dir/build
make[1]: Entering directory '/media/seoulrobotics/Data_Drive/nmd/SFND/SFND_Lidar_Obstacle_Detection/src/quiz/ransac/build/CMakeFiles/CMakeTmp'
Building C object CMakeFiles/cmTC_7f090.dir/CheckSymbolExists.c.o
/usr/bin/cc    -o CMakeFiles/cmTC_7f090.dir/CheckSymbolExists.c.o   -c /media/seoulrobotics/Data_Drive/nmd/SFND/SFND_Lidar_Obstacle_Detection/src/quiz/ransac/build/CMakeFiles/CMakeTmp/CheckSymbolExists.c
Linking C executable cmTC_7f090
/usr/bin/cmake -E cmake_link_script CMakeFiles/cmTC_7f090.dir/link.txt --verbose=1
/usr/bin/cc      -rdynamic CMakeFiles/cmTC_7f090.dir/CheckSymbolExists.c.o  -o cmTC_7f090 
CMakeFiles/cmTC_7f090.dir/CheckSymbolExists.c.o: In function `main':
CheckSymbolExists.c:(.text+0x1b): undefined reference to `pthread_create'
collect2: error: ld returned 1 exit status
CMakeFiles/cmTC_7f090.dir/build.make:97: recipe for target 'cmTC_7f090' failed
make[1]: *** [cmTC_7f090] Error 1
make[1]: Leaving directory '/media/seoulrobotics/Data_Drive/nmd/SFND/SFND_Lidar_Obstacle_Detection/src/quiz/ransac/build/CMakeFiles/CMakeTmp'
Makefile:126: recipe for target 'cmTC_7f090/fast' failed
make: *** [cmTC_7f090/fast] Error 2

File /media/seoulrobotics/Data_Drive/nmd/SFND/SFND_Lidar_Obstacle_Detection/src/quiz/ransac/build/CMakeFiles/CMakeTmp/CheckSymbolExists.c:
/* */
#include <pthread.h>

int main(int argc, char** argv)
{
  (void)argv;
#ifndef pthread_create
  return ((int*)(&pthread_create))[argc];
#else
  (void)argc;
  return 0;
#endif
}

Determining if the function pthread_create exists in the pthreads failed with the following output:
Change Dir: /media/seoulrobotics/Data_Drive/nmd/SFND/SFND_Lidar_Obstacle_Detection/src/quiz/ransac/build/CMakeFiles/CMakeTmp

Run Build Command:"/usr/bin/make" "cmTC_e47ad/fast"
/usr/bin/make -f CMakeFiles/cmTC_e47ad.dir/build.make CMakeFiles/cmTC_e47ad.dir/build
make[1]: Entering directory '/media/seoulrobotics/Data_Drive/nmd/SFND/SFND_Lidar_Obstacle_Detection/src/quiz/ransac/build/CMakeFiles/CMakeTmp'
Building C object CMakeFiles/cmTC_e47ad.dir/CheckFunctionExists.c.o
/usr/bin/cc   -DCHECK_FUNCTION_EXISTS=pthread_create   -o CMakeFiles/cmTC_e47ad.dir/CheckFunctionExists.c.o   -c /usr/share/cmake-3.10/Modules/CheckFunctionExists.c
Linking C executable cmTC_e47ad
/usr/bin/cmake -E cmake_link_script CMakeFiles/cmTC_e47ad.dir/link.txt --verbose=1
/usr/bin/cc  -DCHECK_FUNCTION_EXISTS=pthread_create    -rdynamic CMakeFiles/cmTC_e47ad.dir/CheckFunctionExists.c.o  -o cmTC_e47ad -lpthreads 
/usr/bin/ld: cannot find -lpthreads
collect2: error: ld returned 1 exit status
CMakeFiles/cmTC_e47ad.dir/build.make:97: recipe for target 'cmTC_e47ad' failed
make[1]: *** [cmTC_e47ad] Error 1
make[1]: Leaving directory '/media/seoulrobotics/Data_Drive/nmd/SFND/SFND_Lidar_Obstacle_Detection/src/quiz/ransac/build/CMakeFiles/CMakeTmp'
Makefile:126: recipe for target 'cmTC_e47ad/fast' failed
make: *** [cmTC_e47ad/fast] Error 2


