Determining if the pthread_create exist failed with the following output:
Change Dir: /media/seoulrobotics/Data_Drive/nmd/SFND/SFND_Lidar_Obstacle_Detection/src/quiz/cluster/build/CMakeFiles/CMakeTmp

Run Build Command:"/usr/bin/make" "cmTC_f8019/fast"
/usr/bin/make -f CMakeFiles/cmTC_f8019.dir/build.make CMakeFiles/cmTC_f8019.dir/build
make[1]: Entering directory '/media/seoulrobotics/Data_Drive/nmd/SFND/SFND_Lidar_Obstacle_Detection/src/quiz/cluster/build/CMakeFiles/CMakeTmp'
Building C object CMakeFiles/cmTC_f8019.dir/CheckSymbolExists.c.o
/usr/bin/cc    -o CMakeFiles/cmTC_f8019.dir/CheckSymbolExists.c.o   -c /media/seoulrobotics/Data_Drive/nmd/SFND/SFND_Lidar_Obstacle_Detection/src/quiz/cluster/build/CMakeFiles/CMakeTmp/CheckSymbolExists.c
Linking C executable cmTC_f8019
/usr/bin/cmake -E cmake_link_script CMakeFiles/cmTC_f8019.dir/link.txt --verbose=1
/usr/bin/cc      -rdynamic CMakeFiles/cmTC_f8019.dir/CheckSymbolExists.c.o  -o cmTC_f8019 
CMakeFiles/cmTC_f8019.dir/CheckSymbolExists.c.o: In function `main':
CheckSymbolExists.c:(.text+0x1b): undefined reference to `pthread_create'
collect2: error: ld returned 1 exit status
CMakeFiles/cmTC_f8019.dir/build.make:97: recipe for target 'cmTC_f8019' failed
make[1]: *** [cmTC_f8019] Error 1
make[1]: Leaving directory '/media/seoulrobotics/Data_Drive/nmd/SFND/SFND_Lidar_Obstacle_Detection/src/quiz/cluster/build/CMakeFiles/CMakeTmp'
Makefile:126: recipe for target 'cmTC_f8019/fast' failed
make: *** [cmTC_f8019/fast] Error 2

File /media/seoulrobotics/Data_Drive/nmd/SFND/SFND_Lidar_Obstacle_Detection/src/quiz/cluster/build/CMakeFiles/CMakeTmp/CheckSymbolExists.c:
/* */
#include <pthread.h>

int main(int argc, char** argv)
{
  (void)argv;
#ifndef pthread_create
  return ((int*)(&pthread_create))[argc];
#else
  (void)argc;
  return 0;
#endif
}

Determining if the function pthread_create exists in the pthreads failed with the following output:
Change Dir: /media/seoulrobotics/Data_Drive/nmd/SFND/SFND_Lidar_Obstacle_Detection/src/quiz/cluster/build/CMakeFiles/CMakeTmp

Run Build Command:"/usr/bin/make" "cmTC_67d1a/fast"
/usr/bin/make -f CMakeFiles/cmTC_67d1a.dir/build.make CMakeFiles/cmTC_67d1a.dir/build
make[1]: Entering directory '/media/seoulrobotics/Data_Drive/nmd/SFND/SFND_Lidar_Obstacle_Detection/src/quiz/cluster/build/CMakeFiles/CMakeTmp'
Building C object CMakeFiles/cmTC_67d1a.dir/CheckFunctionExists.c.o
/usr/bin/cc   -DCHECK_FUNCTION_EXISTS=pthread_create   -o CMakeFiles/cmTC_67d1a.dir/CheckFunctionExists.c.o   -c /usr/share/cmake-3.10/Modules/CheckFunctionExists.c
Linking C executable cmTC_67d1a
/usr/bin/cmake -E cmake_link_script CMakeFiles/cmTC_67d1a.dir/link.txt --verbose=1
/usr/bin/cc  -DCHECK_FUNCTION_EXISTS=pthread_create    -rdynamic CMakeFiles/cmTC_67d1a.dir/CheckFunctionExists.c.o  -o cmTC_67d1a -lpthreads 
/usr/bin/ld: cannot find -lpthreads
collect2: error: ld returned 1 exit status
CMakeFiles/cmTC_67d1a.dir/build.make:97: recipe for target 'cmTC_67d1a' failed
make[1]: *** [cmTC_67d1a] Error 1
make[1]: Leaving directory '/media/seoulrobotics/Data_Drive/nmd/SFND/SFND_Lidar_Obstacle_Detection/src/quiz/cluster/build/CMakeFiles/CMakeTmp'
Makefile:126: recipe for target 'cmTC_67d1a/fast' failed
make: *** [cmTC_67d1a/fast] Error 2


